0 info it worked if it ends with ok
1 verbose cli [ '/Users/slooker/.nvm/v0.10.38/bin/node',
1 verbose cli   '/Users/slooker/.nvm/v0.10.38/bin/npm',
1 verbose cli   'install',
1 verbose cli   'grunt',
1 verbose cli   'grunt-jshint',
1 verbose cli   '--save-dev' ]
2 info using npm@1.4.28
3 info using node@v0.10.38
4 verbose readDependencies using package.json deps
5 verbose cache add [ 'grunt', null ]
6 verbose cache add name=undefined spec="grunt" args=["grunt",null]
7 verbose parsed url { protocol: null,
7 verbose parsed url   slashes: null,
7 verbose parsed url   auth: null,
7 verbose parsed url   host: null,
7 verbose parsed url   port: null,
7 verbose parsed url   hostname: null,
7 verbose parsed url   hash: null,
7 verbose parsed url   search: null,
7 verbose parsed url   query: null,
7 verbose parsed url   pathname: 'grunt',
7 verbose parsed url   path: 'grunt',
7 verbose parsed url   href: 'grunt' }
8 verbose cache add [ 'grunt-jshint', null ]
9 verbose cache add name=undefined spec="grunt-jshint" args=["grunt-jshint",null]
10 verbose parsed url { protocol: null,
10 verbose parsed url   slashes: null,
10 verbose parsed url   auth: null,
10 verbose parsed url   host: null,
10 verbose parsed url   port: null,
10 verbose parsed url   hostname: null,
10 verbose parsed url   hash: null,
10 verbose parsed url   search: null,
10 verbose parsed url   query: null,
10 verbose parsed url   pathname: 'grunt-jshint',
10 verbose parsed url   path: 'grunt-jshint',
10 verbose parsed url   href: 'grunt-jshint' }
11 silly lockFile 20ff3fd8-grunt grunt
12 verbose lock grunt /Users/slooker/.npm/20ff3fd8-grunt.lock
13 silly lockFile 8e85dfb3-grunt-jshint grunt-jshint
14 verbose lock grunt-jshint /Users/slooker/.npm/8e85dfb3-grunt-jshint.lock
15 silly lockFile 20ff3fd8-grunt grunt
16 silly lockFile 20ff3fd8-grunt grunt
17 silly lockFile 8e85dfb3-grunt-jshint grunt-jshint
18 silly lockFile 8e85dfb3-grunt-jshint grunt-jshint
19 verbose addNamed [ 'grunt', '' ]
20 verbose addNamed [ null, '*' ]
21 silly lockFile 55f1ff24-grunt grunt@
22 verbose lock grunt@ /Users/slooker/.npm/55f1ff24-grunt.lock
23 verbose addNamed [ 'grunt-jshint', '' ]
24 verbose addNamed [ null, '*' ]
25 silly lockFile 324f7fab-grunt-jshint grunt-jshint@
26 verbose lock grunt-jshint@ /Users/slooker/.npm/324f7fab-grunt-jshint.lock
27 silly addNameRange { name: 'grunt', range: '*', hasData: false }
28 silly addNameRange { name: 'grunt-jshint', range: '*', hasData: false }
29 verbose request where is /grunt-jshint
30 verbose request registry https://registry.npmjs.org/
31 verbose request id 0c68eed8dbe80a9a
32 verbose url raw /grunt-jshint
33 verbose url resolving [ 'https://registry.npmjs.org/', './grunt-jshint' ]
34 verbose url resolved https://registry.npmjs.org/grunt-jshint
35 verbose request where is https://registry.npmjs.org/grunt-jshint
36 info trying registry request attempt 1 at 10:57:57
37 http GET https://registry.npmjs.org/grunt-jshint
38 verbose request where is /grunt
39 verbose request registry https://registry.npmjs.org/
40 verbose url raw /grunt
41 verbose url resolving [ 'https://registry.npmjs.org/', './grunt' ]
42 verbose url resolved https://registry.npmjs.org/grunt
43 verbose request where is https://registry.npmjs.org/grunt
44 info trying registry request attempt 1 at 10:57:57
45 verbose etag "4VR72TK1ZNP900BFH8WU3Z2W8"
46 http GET https://registry.npmjs.org/grunt
47 http 404 https://registry.npmjs.org/grunt-jshint
48 verbose headers { server: 'CouchDB/1.5.0 (Erlang OTP/R16B03)',
48 verbose headers   'content-type': 'application/json',
48 verbose headers   'cache-control': 'max-age=0',
48 verbose headers   'content-length': '51',
48 verbose headers   'accept-ranges': 'bytes',
48 verbose headers   date: 'Sat, 04 Jul 2015 17:57:58 GMT',
48 verbose headers   via: '1.1 varnish',
48 verbose headers   age: '0',
48 verbose headers   connection: 'keep-alive',
48 verbose headers   'x-served-by': 'cache-sjc3135-SJC',
48 verbose headers   'x-cache': 'MISS',
48 verbose headers   'x-cache-hits': '0',
48 verbose headers   'x-timer': 'S1436032678.211028,VS0,VE85' }
49 silly registry.get cb [ 404,
49 silly registry.get   { server: 'CouchDB/1.5.0 (Erlang OTP/R16B03)',
49 silly registry.get     'content-type': 'application/json',
49 silly registry.get     'cache-control': 'max-age=0',
49 silly registry.get     'content-length': '51',
49 silly registry.get     'accept-ranges': 'bytes',
49 silly registry.get     date: 'Sat, 04 Jul 2015 17:57:58 GMT',
49 silly registry.get     via: '1.1 varnish',
49 silly registry.get     age: '0',
49 silly registry.get     connection: 'keep-alive',
49 silly registry.get     'x-served-by': 'cache-sjc3135-SJC',
49 silly registry.get     'x-cache': 'MISS',
49 silly registry.get     'x-cache-hits': '0',
49 silly registry.get     'x-timer': 'S1436032678.211028,VS0,VE85' } ]
50 silly lockFile 324f7fab-grunt-jshint grunt-jshint@
51 silly lockFile 324f7fab-grunt-jshint grunt-jshint@
52 http 200 https://registry.npmjs.org/grunt
53 silly registry.get cb [ 200,
53 silly registry.get   { server: 'CouchDB/1.5.0 (Erlang OTP/R16B03)',
53 silly registry.get     etag: '"DVZAULZ49SXLG9S4ULBRWBXVO"',
53 silly registry.get     'content-type': 'application/json',
53 silly registry.get     'cache-control': 'max-age=60',
53 silly registry.get     'content-length': '89568',
53 silly registry.get     'accept-ranges': 'bytes',
53 silly registry.get     date: 'Sat, 04 Jul 2015 17:57:58 GMT',
53 silly registry.get     via: '1.1 varnish',
53 silly registry.get     age: '1',
53 silly registry.get     connection: 'keep-alive',
53 silly registry.get     'x-served-by': 'cache-sjc3120-SJC',
53 silly registry.get     'x-cache': 'HIT',
53 silly registry.get     'x-cache-hits': '6',
53 silly registry.get     'x-timer': 'S1436032678.199772,VS0,VE0',
53 silly registry.get     vary: 'Accept' } ]
54 silly addNameRange number 2 { name: 'grunt', range: '*', hasData: true }
55 silly addNameRange versions [ 'grunt',
55 silly addNameRange   [ '0.1.0',
55 silly addNameRange     '0.1.1',
55 silly addNameRange     '0.1.2',
55 silly addNameRange     '0.2.0',
55 silly addNameRange     '0.2.1',
55 silly addNameRange     '0.2.2',
55 silly addNameRange     '0.2.3',
55 silly addNameRange     '0.2.4',
55 silly addNameRange     '0.2.5',
55 silly addNameRange     '0.2.6',
55 silly addNameRange     '0.2.7',
55 silly addNameRange     '0.2.8',
55 silly addNameRange     '0.2.9',
55 silly addNameRange     '0.2.10',
55 silly addNameRange     '0.2.11',
55 silly addNameRange     '0.2.12',
55 silly addNameRange     '0.2.13',
55 silly addNameRange     '0.2.14',
55 silly addNameRange     '0.2.15',
55 silly addNameRange     '0.3.0',
55 silly addNameRange     '0.3.1',
55 silly addNameRange     '0.3.2',
55 silly addNameRange     '0.3.3',
55 silly addNameRange     '0.3.4',
55 silly addNameRange     '0.3.5',
55 silly addNameRange     '0.3.6',
55 silly addNameRange     '0.3.7',
55 silly addNameRange     '0.3.8',
55 silly addNameRange     '0.3.9',
55 silly addNameRange     '0.3.10',
55 silly addNameRange     '0.3.11',
55 silly addNameRange     '0.3.12',
55 silly addNameRange     '0.3.13',
55 silly addNameRange     '0.3.14',
55 silly addNameRange     '0.3.15',
55 silly addNameRange     '0.3.16',
55 silly addNameRange     '0.3.17',
55 silly addNameRange     '0.4.0',
55 silly addNameRange     '0.4.1',
55 silly addNameRange     '0.4.2',
55 silly addNameRange     '0.4.3',
55 silly addNameRange     '0.4.4',
55 silly addNameRange     '0.4.5',
55 silly addNameRange     '0.3.13-a',
55 silly addNameRange     '0.4.0-a',
55 silly addNameRange     '0.4.0-rc1',
55 silly addNameRange     '0.4.0-rc2',
55 silly addNameRange     '0.4.0-rc3',
55 silly addNameRange     '0.4.0-rc4',
55 silly addNameRange     '0.4.0-rc5',
55 silly addNameRange     '0.4.0-rc6',
55 silly addNameRange     '0.4.0-rc7',
55 silly addNameRange     '0.4.0-rc8' ] ]
56 verbose addNamed [ 'grunt', '0.4.5' ]
57 verbose addNamed [ '0.4.5', '0.4.5' ]
58 silly lockFile 81abf7ad-grunt-0-4-5 grunt@0.4.5
59 verbose lock grunt@0.4.5 /Users/slooker/.npm/81abf7ad-grunt-0-4-5.lock
60 silly lockFile 81abf7ad-grunt-0-4-5 grunt@0.4.5
61 silly lockFile 81abf7ad-grunt-0-4-5 grunt@0.4.5
62 silly lockFile 55f1ff24-grunt grunt@
63 silly lockFile 55f1ff24-grunt grunt@
64 error 404 404 Not Found: grunt-jshint
64 error 404
64 error 404 'grunt-jshint' is not in the npm registry.
64 error 404 You should bug the author to publish it
64 error 404 It was specified as a dependency of 'bot-detector'
64 error 404
64 error 404 Note that you can also install from a
64 error 404 tarball, folder, or http url, or git url.
65 error System Darwin 14.3.0
66 error command "/Users/slooker/.nvm/v0.10.38/bin/node" "/Users/slooker/.nvm/v0.10.38/bin/npm" "install" "grunt" "grunt-jshint" "--save-dev"
67 error cwd /Users/slooker/code/bot-detector
68 error node -v v0.10.38
69 error npm -v 1.4.28
70 error code E404
71 verbose exit [ 1, true ]
